Running from: /usr/share/jenkins/jenkins.war
webroot: EnvVars.masterEnvVars.get("JENKINS_HOME")
Mar 01, 2018 7:05:04 PM winstone.Logger logInternal
INFO: Beginning extraction from war file
Mar 01, 2018 7:05:05 PM org.eclipse.jetty.util.log.JavaUtilLog info
INFO: jetty-winstone-2.8
Mar 01, 2018 7:05:07 PM org.eclipse.jetty.util.log.JavaUtilLog info
INFO: NO JSP Support for , did not find org.apache.jasper.servlet.JspServlet
Jenkins home directory: /var/jenkins_home found at: EnvVars.masterEnvVars.get("JENKINS_HOME")
Mar 01, 2018 7:05:09 PM org.eclipse.jetty.util.log.JavaUtilLog info
INFO: Started SelectChannelConnector@0.0.0.0:8080
Mar 01, 2018 7:05:09 PM winstone.Logger logInternal
INFO: Winstone Servlet Engine v2.0 running: controlPort=disabled
Mar 01, 2018 7:05:09 PM jenkins.InitReactorRunner$1 onAttained
INFO: Started initialization
Mar 01, 2018 7:05:21 PM jenkins.InitReactorRunner$1 onAttained
INFO: Listed all plugins
Mar 01, 2018 7:05:21 PM jenkins.InitReactorRunner$1 onAttained
INFO: Prepared all plugins
Mar 01, 2018 7:05:21 PM jenkins.InitReactorRunner$1 onAttained
INFO: Started all plugins
Mar 01, 2018 7:05:24 PM jenkins.InitReactorRunner$1 onAttained
INFO: Augmented all extensions
Mar 01, 2018 7:05:26 PM jenkins.InitReactorRunner$1 onAttained
INFO: Loaded all jobs
Mar 01, 2018 7:05:26 PM hudson.model.AsyncPeriodicWork$1 run
INFO: Started Download metadata
Mar 01, 2018 7:05:26 PM jenkins.util.groovy.GroovyHookScript execute
INFO: Executing /var/jenkins_home/init.groovy.d/tcp-slave-agent-port.groovy
Mar 01, 2018 7:05:27 PM org.jenkinsci.main.modules.sshd.SSHD start
INFO: Started SSHD at port 36437
Mar 01, 2018 7:05:27 PM jenkins.InitReactorRunner$1 onAttained
INFO: Completed initialization
Mar 01, 2018 7:05:27 PM hudson.WebAppMain$3 run
INFO: Jenkins is fully up and running
Mar 01, 2018 7:05:31 PM hudson.model.UpdateSite updateData
INFO: Obtained the latest update center data file for UpdateSource default
Mar 01, 2018 7:05:31 PM hudson.model.DownloadService$Downloadable load
INFO: Obtained the updated data file for hudson.tasks.Maven.MavenInstaller
Mar 01, 2018 7:05:32 PM hudson.model.DownloadService$Downloadable load
INFO: Obtained the updated data file for hudson.tasks.Ant.AntInstaller
Mar 01, 2018 7:05:33 PM hudson.model.DownloadService$Downloadable load
INFO: Obtained the updated data file for hudson.tools.JDKInstaller
Mar 01, 2018 7:05:33 PM hudson.model.AsyncPeriodicWork$1 run
INFO: Finished Download metadata. 6,542 ms
--> setting agent port for jnlp
